Determining if the pthread_create exist failed with the following output:
Change Dir: /home/marcgenevat/catkin_ws/src/Eigen_exercise/build/CMakeFiles/CMakeTmp

Run Build Command:/usr/bin/make "cmTryCompileExec404153035/fast"
/usr/bin/make -f CMakeFiles/cmTryCompileExec404153035.dir/build.make CMakeFiles/cmTryCompileExec404153035.dir/build
make[1]: Entering directory `/home/marcgenevat/catkin_ws/src/Eigen_exercise/build/CMakeFiles/CMakeTmp'
/usr/bin/cmake -E cmake_progress_report /home/marcgenevat/catkin_ws/src/Eigen_exercise/build/CMakeFiles/CMakeTmp/CMakeFiles 1
Building C object CMakeFiles/cmTryCompileExec404153035.dir/CheckSymbolExists.c.o
/usr/bin/cc    -o CMakeFiles/cmTryCompileExec404153035.dir/CheckSymbolExists.c.o   -c /home/marcgenevat/catkin_ws/src/Eigen_exercise/build/CMakeFiles/CMakeTmp/CheckSymbolExists.c
Linking C executable cmTryCompileExec404153035
/usr/bin/cmake -E cmake_link_script CMakeFiles/cmTryCompileExec404153035.dir/link.txt --verbose=1
/usr/bin/cc       CMakeFiles/cmTryCompileExec404153035.dir/CheckSymbolExists.c.o  -o cmTryCompileExec404153035 -rdynamic 
CMakeFiles/cmTryCompileExec404153035.dir/CheckSymbolExists.c.o: In function `main':
CheckSymbolExists.c:(.text+0x16): undefined reference to `pthread_create'
collect2: error: ld returned 1 exit status
make[1]: Leaving directory `/home/marcgenevat/catkin_ws/src/Eigen_exercise/build/CMakeFiles/CMakeTmp'
make[1]: *** [cmTryCompileExec404153035] Error 1
make: *** [cmTryCompileExec404153035/fast] Error 2

File /home/marcgenevat/catkin_ws/src/Eigen_exercise/build/CMakeFiles/CMakeTmp/CheckSymbolExists.c:
/* */
#include <pthread.h>

int main(int argc, char** argv)
{
  (void)argv;
#ifndef pthread_create
  return ((int*)(&pthread_create))[argc];
#else
  (void)argc;
  return 0;
#endif
}

Determining if the function pthread_create exists in the pthreads failed with the following output:
Change Dir: /home/marcgenevat/catkin_ws/src/Eigen_exercise/build/CMakeFiles/CMakeTmp

Run Build Command:/usr/bin/make "cmTryCompileExec817057571/fast"
/usr/bin/make -f CMakeFiles/cmTryCompileExec817057571.dir/build.make CMakeFiles/cmTryCompileExec817057571.dir/build
make[1]: Entering directory `/home/marcgenevat/catkin_ws/src/Eigen_exercise/build/CMakeFiles/CMakeTmp'
/usr/bin/cmake -E cmake_progress_report /home/marcgenevat/catkin_ws/src/Eigen_exercise/build/CMakeFiles/CMakeTmp/CMakeFiles 1
Building C object CMakeFiles/cmTryCompileExec817057571.dir/CheckFunctionExists.c.o
/usr/bin/cc   -DCHECK_FUNCTION_EXISTS=pthread_create   -o CMakeFiles/cmTryCompileExec817057571.dir/CheckFunctionExists.c.o   -c /usr/share/cmake-2.8/Modules/CheckFunctionExists.c
Linking C executable cmTryCompileExec817057571
/usr/bin/cmake -E cmake_link_script CMakeFiles/cmTryCompileExec817057571.dir/link.txt --verbose=1
/usr/bin/cc   -DCHECK_FUNCTION_EXISTS=pthread_create    CMakeFiles/cmTryCompileExec817057571.dir/CheckFunctionExists.c.o  -o cmTryCompileExec817057571 -rdynamic -lpthreads 
/usr/bin/ld: cannot find -lpthreads
collect2: error: ld returned 1 exit status
make[1]: Leaving directory `/home/marcgenevat/catkin_ws/src/Eigen_exercise/build/CMakeFiles/CMakeTmp'
make[1]: *** [cmTryCompileExec817057571] Error 1
make: *** [cmTryCompileExec817057571/fast] Error 2


